<?xml version="1.0" encoding="UTF-8"?>
<!-- Generated by org.testng.reporters.JUnitXMLReporter -->
<testsuite ignored="0" hostname="SarthakSyduAIO" failures="0" tests="3" name="Default test" time="22.081" errors="0" timestamp="2023-06-16T19:15:16 EDT">
  <testcase classname="com.tutorialsninja.qa.testcases.SearchProductTest" name="verifySearchWithValidProduct" time="0.778"/>
  <testcase classname="com.tutorialsninja.qa.testcases.SearchProductTest" name="verifySearchWithInvalidProduct" time="0.421"/>
  <testcase classname="com.tutorialsninja.qa.testcases.SearchProductTest" name="verifySearchWithNoProduct" time="0.394"/>
</testsuite> <!-- Default test -->
