<?xml version="1.0" encoding="UTF-8"?>
<!-- Generated by org.testng.reporters.JUnitXMLReporter -->
<testsuite ignored="0" hostname="SarthakSyduAIO" failures="0" tests="28" name="Test" time="168.698" errors="0" timestamp="2023-06-10T20:20:42 EDT">
  <testcase classname="com.tutorialsninja.qa.testcases.LoginTest" name="verifyLoginWithValidCredentials" time="0.764"/>
  <testcase classname="com.tutorialsninja.qa.testcases.LoginTest" name="verifyLoginWithValidCredentials" time="0.969"/>
  <testcase classname="com.tutorialsninja.qa.testcases.LoginTest" name="verifyLoginWithValidCredentials" time="0.75"/>
  <testcase classname="com.tutorialsninja.qa.testcases.LoginTest" name="verifyLoginWithValidCredentials" time="0.754"/>
  <testcase classname="com.tutorialsninja.qa.testcases.LoginTest" name="verifyLoginWithValidCredentials" time="0.744"/>
  <testcase classname="com.tutorialsninja.qa.testcases.LoginTest" name="verifyLoginWithValidCredentials" time="0.744"/>
  <testcase classname="com.tutorialsninja.qa.testcases.LoginTest" name="verifyLoginWithValidCredentials" time="0.742"/>
  <testcase classname="com.tutorialsninja.qa.testcases.LoginTest" name="verifyLoginWithValidCredentials" time="0.742"/>
  <testcase classname="com.tutorialsninja.qa.testcases.LoginTest" name="verifyLoginWithValidCredentials" time="0.75"/>
  <testcase classname="com.tutorialsninja.qa.testcases.LoginTest" name="verifyLoginWithValidCredentials" time="0.772"/>
  <testcase classname="com.tutorialsninja.qa.testcases.LoginTest" name="verifyLoginWithValidEmailInvalidPassword" time="0.489"/>
  <testcase classname="com.tutorialsninja.qa.testcases.LoginTest" name="verifyLoginWithInvalidEmailValidPassword" time="0.532"/>
  <testcase classname="com.tutorialsninja.qa.testcases.LoginTest" name="verifyLoginWithInvalidCredentials" time="0.505"/>
  <testcase classname="com.tutorialsninja.qa.testcases.LoginTest" name="verifyLoginWithoutCredentials" time="0.373"/>
  <testcase classname="com.tutorialsninja.qa.testcases.RegisterTest" name="registerWithMandatoryFields" time="0.989"/>
  <testcase classname="com.tutorialsninja.qa.testcases.RegisterTest" name="registerWithMandatoryFields" time="0.984"/>
  <testcase classname="com.tutorialsninja.qa.testcases.RegisterTest" name="registerWithMandatoryFields" time="0.984"/>
  <testcase classname="com.tutorialsninja.qa.testcases.RegisterTest" name="registerWithMandatoryFields" time="1.0"/>
  <testcase classname="com.tutorialsninja.qa.testcases.RegisterTest" name="registerWithMandatoryFields" time="0.955"/>
  <testcase classname="com.tutorialsninja.qa.testcases.RegisterTest" name="registerWithMandatoryFields" time="0.98"/>
  <testcase classname="com.tutorialsninja.qa.testcases.RegisterTest" name="registerWithMandatoryFields" time="0.998"/>
  <testcase classname="com.tutorialsninja.qa.testcases.RegisterTest" name="registerWithMandatoryFields" time="0.96"/>
  <testcase classname="com.tutorialsninja.qa.testcases.RegisterTest" name="registerWithAllFields" time="0.996"/>
  <testcase classname="com.tutorialsninja.qa.testcases.RegisterTest" name="registerWithExistingEmailID" time="0.71"/>
  <testcase classname="com.tutorialsninja.qa.testcases.RegisterTest" name="registerWithNoFields" time="0.442"/>
  <testcase classname="com.tutorialsninja.qa.testcases.SearchProductTest" name="verifySearchWithValidProduct" time="0.649"/>
  <testcase classname="com.tutorialsninja.qa.testcases.SearchProductTest" name="verifySearchWithInvalidProduct" time="0.43"/>
  <testcase classname="com.tutorialsninja.qa.testcases.SearchProductTest" name="verifySearchWithNoProduct" time="0.385"/>
</testsuite> <!-- Test -->
